<?xml version="1.0" encoding="UTF-8"?>
<testng-results ignored="0" total="1" passed="1" failed="0" skipped="0">
  <reporter-output>
  </reporter-output>
  <suite started-at="2024-10-07T16:25:14 IST" name="Default suite" finished-at="2024-10-07T16:25:18 IST" duration-ms="3612">
    <groups>
    </groups>
    <test started-at="2024-10-07T16:25:14 IST" name="Default test" finished-at="2024-10-07T16:25:18 IST" duration-ms="3612">
      <class name="com.selenium.tests.EndToEndTest">
        <test-method is-config="true" signature="setUp()[pri:0, instance:com.selenium.tests.EndToEndTest@3e08ff24]" started-at="2024-10-07T16:25:11 IST" name="setUp" finished-at="2024-10-07T16:25:14 IST" duration-ms="2807" status="PASS">
          <reporter-output>
          </reporter-output>
        </test-method> <!-- setUp -->
        <test-method signature="endToEndTest(java.lang.String,java.lang.String,java.lang.String,java.lang.String)[pri:0, instance:com.selenium.tests.EndToEndTest@3e08ff24]" started-at="2024-10-07T16:25:16 IST" name="endToEndTest" data-provider="loginData" finished-at="2024-10-07T16:25:18 IST" duration-ms="2030" status="PASS">
          <params>
            <param index="0">
              <value>
                <![CDATA[standard_user]]>
              </value>
            </param>
            <param index="1">
              <value>
                <![CDATA[secret_sauce]]>
              </value>
            </param>
            <param index="2">
              <value>
                <![CDATA[John]]>
              </value>
            </param>
            <param index="3">
              <value>
                <![CDATA[Doe]]>
              </value>
            </param>
          </params>
          <reporter-output>
          </reporter-output>
        </test-method> <!-- endToEndTest -->
        <test-method is-config="true" signature="tearDown()[pri:0, instance:com.selenium.tests.EndToEndTest@3e08ff24]" started-at="2024-10-07T16:25:18 IST" name="tearDown" finished-at="2024-10-07T16:25:18 IST" duration-ms="198" status="PASS">
          <reporter-output>
          </reporter-output>
        </test-method> <!-- tearDown -->
      </class> <!-- com.selenium.tests.EndToEndTest -->
    </test> <!-- Default test -->
  </suite> <!-- Default suite -->
</testng-results>
